0 info it worked if it ends with ok
1 verbose cli [ 'E:\\Program Files\\nodejs\\\\node.exe',
1 verbose cli   'E:\\Program Files\\nodejs\\node_modules\\npm\\bin\\npm-cli.js',
1 verbose cli   'install',
1 verbose cli   'ionic-native-transitions',
1 verbose cli   '--save' ]
2 info using npm@2.11.3
3 info using node@v0.12.7
4 verbose install initial load of E:\Dropbox\Workspaces\Personal\Dorrbell\db-1\package.json
5 warn package.json db-1@1.1.1 No repository field.
6 warn package.json db-1@1.1.1 No README data
7 warn package.json db-1@1.1.1 No license field.
8 verbose installManyTop reading scoped package data from E:\Dropbox\Workspaces\Personal\Dorrbell\db-1\node_modules\bower\package.json
9 verbose installManyTop reading scoped package data from E:\Dropbox\Workspaces\Personal\Dorrbell\db-1\node_modules\gulp\package.json
10 verbose installManyTop reading scoped package data from E:\Dropbox\Workspaces\Personal\Dorrbell\db-1\node_modules\gulp-angular-templatecache\package.json
11 verbose installManyTop reading scoped package data from E:\Dropbox\Workspaces\Personal\Dorrbell\db-1\node_modules\gulp-concat\package.json
12 verbose installManyTop reading scoped package data from E:\Dropbox\Workspaces\Personal\Dorrbell\db-1\node_modules\gulp-minify\package.json
13 verbose installManyTop reading scoped package data from E:\Dropbox\Workspaces\Personal\Dorrbell\db-1\node_modules\gulp-minify-css\package.json
14 verbose installManyTop reading scoped package data from E:\Dropbox\Workspaces\Personal\Dorrbell\db-1\node_modules\gulp-rename\package.json
15 verbose installManyTop reading scoped package data from E:\Dropbox\Workspaces\Personal\Dorrbell\db-1\node_modules\gulp-sass\package.json
16 verbose installManyTop reading scoped package data from E:\Dropbox\Workspaces\Personal\Dorrbell\db-1\node_modules\gulp-util\package.json
17 verbose installManyTop reading scoped package data from E:\Dropbox\Workspaces\Personal\Dorrbell\db-1\node_modules\lodash\package.json
18 verbose installManyTop reading scoped package data from E:\Dropbox\Workspaces\Personal\Dorrbell\db-1\node_modules\lodash-node\package.json
19 verbose installManyTop reading scoped package data from E:\Dropbox\Workspaces\Personal\Dorrbell\db-1\node_modules\shelljs\package.json
20 info package.json gulp-minify-css@0.3.13 No license field.
21 info package.json gulp-rename@1.2.2 No license field.
22 info package.json gulp-util@2.2.20 No license field.
23 info package.json shelljs@0.3.0 license should be a valid SPDX license expression
24 verbose readDependencies loading dependencies from E:\Dropbox\Workspaces\Personal\Dorrbell\db-1\package.json
25 silly cache add args [ 'ionic-native-transitions', null ]
26 verbose cache add spec ionic-native-transitions
27 silly cache add parsed spec { raw: 'ionic-native-transitions',
27 silly cache add   scope: null,
27 silly cache add   name: 'ionic-native-transitions',
27 silly cache add   rawSpec: '',
27 silly cache add   spec: '*',
27 silly cache add   type: 'range' }
28 silly addNamed ionic-native-transitions@*
29 verbose addNamed "*" is a valid semver range for ionic-native-transitions
30 silly addNameRange { name: 'ionic-native-transitions', range: '*', hasData: false }
31 silly mapToRegistry name ionic-native-transitions
32 silly mapToRegistry using default registry
33 silly mapToRegistry registry https://registry.npmjs.org/
34 silly mapToRegistry uri https://registry.npmjs.org/ionic-native-transitions
35 verbose addNameRange registry:https://registry.npmjs.org/ionic-native-transitions not in flight; fetching
36 verbose request uri https://registry.npmjs.org/ionic-native-transitions
37 verbose request no auth needed
38 info attempt registry request try #1 at 8:05:18 PM
39 verbose request id 438174ade1a7fd44
40 http request GET https://registry.npmjs.org/ionic-native-transitions
41 http 200 https://registry.npmjs.org/ionic-native-transitions
42 silly get cb [ 200,
42 silly get   { server: 'CouchDB/1.5.0 (Erlang OTP/R16B03)',
42 silly get     etag: '"6DJ9W8QFJ8D6X9Q2OR7EHMVHR"',
42 silly get     'content-type': 'application/json',
42 silly get     'cache-control': 'max-age=300',
42 silly get     'content-length': '66534',
42 silly get     'accept-ranges': 'bytes',
42 silly get     date: 'Mon, 02 May 2016 00:05:18 GMT',
42 silly get     via: '1.1 varnish',
42 silly get     age: '0',
42 silly get     connection: 'keep-alive',
42 silly get     'x-served-by': 'cache-ord1747-ORD',
42 silly get     'x-cache': 'MISS',
42 silly get     'x-cache-hits': '0',
42 silly get     'x-timer': 'S1462147518.335394,VS0,VE182',
42 silly get     vary: 'Accept-Encoding' } ]
43 verbose get saving ionic-native-transitions to C:\Users\cmoyl\AppData\Roaming\npm-cache\registry.npmjs.org\ionic-native-transitions\.cache.json
44 silly addNameRange number 2 { name: 'ionic-native-transitions', range: '*', hasData: true }
45 silly addNameRange versions [ 'ionic-native-transitions',
45 silly addNameRange   [ '1.0.0-alpha1',
45 silly addNameRange     '1.0.0-alpha2',
45 silly addNameRange     '1.0.0-alpha4',
45 silly addNameRange     '1.0.0-alpha5',
45 silly addNameRange     '1.0.0-beta1',
45 silly addNameRange     '1.0.0-beta2',
45 silly addNameRange     '1.0.0-beta3',
45 silly addNameRange     '1.0.0-beta4',
45 silly addNameRange     '1.0.0-beta5',
45 silly addNameRange     '1.0.0-beta6',
45 silly addNameRange     '1.0.0-rc1',
45 silly addNameRange     '1.0.0-rc2',
45 silly addNameRange     '1.0.0-rc3',
45 silly addNameRange     '1.0.0-rc4',
45 silly addNameRange     '1.0.0-rc5',
45 silly addNameRange     '1.0.0-rc6',
45 silly addNameRange     '1.0.0-rc7',
45 silly addNameRange     '1.0.0-rc8',
45 silly addNameRange     '1.0.0-rc9',
45 silly addNameRange     '1.0.0-rc10' ] ]
46 verbose stack Error: No compatible version found: ionic-native-transitions@'*'
46 verbose stack Valid install targets:
46 verbose stack ["1.0.0-alpha1","1.0.0-alpha2","1.0.0-alpha4","1.0.0-alpha5","1.0.0-beta1","1.0.0-beta2","1.0.0-beta3","1.0.0-beta4","1.0.0-beta5","1.0.0-beta6","1.0.0-rc1","1.0.0-rc2","1.0.0-rc3","1.0.0-rc4","1.0.0-rc5","1.0.0-rc6","1.0.0-rc7","1.0.0-rc8","1.0.0-rc9","1.0.0-rc10"]
46 verbose stack
46 verbose stack     at installTargetsError (E:\Program Files\nodejs\node_modules\npm\lib\cache\add-named.js:274:12)
46 verbose stack     at next (E:\Program Files\nodejs\node_modules\npm\lib\cache\add-named.js:253:17)
46 verbose stack     at setData (E:\Program Files\nodejs\node_modules\npm\lib\cache\add-named.js:230:5)
46 verbose stack     at RES (E:\Program Files\nodejs\node_modules\npm\node_modules\inflight\inflight.js:23:14)
46 verbose stack     at f (E:\Program Files\nodejs\node_modules\npm\node_modules\once\once.js:17:25)
46 verbose stack     at fixName (E:\Program Files\nodejs\node_modules\npm\lib\cache\add-named.js:29:5)
46 verbose stack     at saved (E:\Program Files\nodejs\node_modules\npm\lib\cache\caching-client.js:173:7)
46 verbose stack     at FSReqWrap.oncomplete (fs.js:95:15)
47 verbose cwd E:\Dropbox\Workspaces\Personal\Dorrbell\db-1
48 error Windows_NT 6.3.9600
49 error argv "E:\\Program Files\\nodejs\\\\node.exe" "E:\\Program Files\\nodejs\\node_modules\\npm\\bin\\npm-cli.js" "install" "ionic-native-transitions" "--save"
50 error node v0.12.7
51 error npm  v2.11.3
52 error code ETARGET
53 error notarget No compatible version found: ionic-native-transitions@'*'
53 error notarget Valid install targets:
53 error notarget ["1.0.0-alpha1","1.0.0-alpha2","1.0.0-alpha4","1.0.0-alpha5","1.0.0-beta1","1.0.0-beta2","1.0.0-beta3","1.0.0-beta4","1.0.0-beta5","1.0.0-beta6","1.0.0-rc1","1.0.0-rc2","1.0.0-rc3","1.0.0-rc4","1.0.0-rc5","1.0.0-rc6","1.0.0-rc7","1.0.0-rc8","1.0.0-rc9","1.0.0-rc10"]
53 error notarget
53 error notarget This is most likely not a problem with npm itself.
53 error notarget In most cases you or one of your dependencies are requesting
53 error notarget a package version that doesn't exist.
53 error notarget
53 error notarget It was specified as a dependency of 'db-1'
54 verbose exit [ 1, true ]
